# JRE version: OpenJDK Runtime Environment (15.0.2+7) (build 15.0.2+7-27)
# Java VM: OpenJDK 64-Bit Server VM (15.0.2+7-27, mixed mode, tiered, compressed oops, g1 gc, windows-amd64)
GC Precious Log:
 CPUs: 2 total, 2 available
 Memory: 3935M
 Large Page Support: Disabled
 NUMA Support: Disabled
 Compressed Oops: Enabled (32-bit)
 Heap Region Size: 1M
 Heap Min Capacity: 8M
 Heap Initial Capacity: 62M
 Heap Max Capacity: 984M
 Pre-touch: Disabled
 Parallel Workers: 2
 Concurrent Workers: 1
 Concurrent Refinement Workers: 2
 Periodic GC: Disabled
Heap:
 garbage-first heap   total 37888K, used 18976K [0x00000000c2800000, 0x0000000100000000)
  region size 1024K, 2 young (2048K), 2 survivors (2048K)
 Metaspace       used 46517K, capacity 47044K, committed 47152K, reserved 1091584K
  class space    used 5853K, capacity 5995K, committed 6016K, reserved 1048576K
GC Heap History (20 events):
Event: 41.740 GC heap before
{Heap before GC invocations=11 (full 0):
 garbage-first heap   total 37888K, used 28520K [0x00000000c2800000, 0x0000000100000000)
  region size 1024K, 18 young (18432K), 2 survivors (2048K)
 Metaspace       used 30851K, capacity 31247K, committed 31408K, reserved 1077248K
  class space    used 3686K, capacity 3793K, committed 3840K, reserved 1048576K
}
Event: 41.754 GC heap after
{Heap after GC invocations=12 (full 0):
 garbage-first heap   total 37888K, used 13353K [0x00000000c2800000, 0x0000000100000000)
  region size 1024K, 3 young (3072K), 3 survivors (3072K)
 Metaspace       used 30851K, capacity 31247K, committed 31408K, reserved 1077248K
  class space    used 3686K, capacity 3793K, committed 3840K, reserved 1048576K
}
Event: 46.959 GC heap before
{Heap before GC invocations=12 (full 0):
 garbage-first heap   total 37888K, used 27689K [0x00000000c2800000, 0x0000000100000000)
  region size 1024K, 17 young (17408K), 3 survivors (3072K)
 Metaspace       used 32945K, capacity 33367K, committed 33584K, reserved 1079296K
  class space    used 4046K, capacity 4193K, committed 4224K, reserved 1048576K
}
Event: 46.974 GC heap after
{Heap after GC invocations=13 (full 0):
 garbage-first heap   total 37888K, used 14978K [0x00000000c2800000, 0x0000000100000000)
  region size 1024K, 3 young (3072K), 3 survivors (3072K)
 Metaspace       used 32945K, capacity 33367K, committed 33584K, reserved 1079296K
  class space    used 4046K, capacity 4193K, committed 4224K, reserved 1048576K
}
Event: 50.124 GC heap before
{Heap before GC invocations=13 (full 0):
 garbage-first heap   total 37888K, used 27266K [0x00000000c2800000, 0x0000000100000000)
  region size 1024K, 16 young (16384K), 3 survivors (3072K)
 Metaspace       used 34863K, capacity 35334K, committed 35632K, reserved 1081344K
  class space    used 4224K, capacity 4356K, committed 4480K, reserved 1048576K
}
Event: 50.137 GC heap after
{Heap after GC invocations=14 (full 0):
 garbage-first heap   total 37888K, used 16178K [0x00000000c2800000, 0x0000000100000000)
  region size 1024K, 2 young (2048K), 2 survivors (2048K)
 Metaspace       used 34863K, capacity 35334K, committed 35632K, reserved 1081344K
  class space    used 4224K, capacity 4356K, committed 4480K, reserved 1048576K
}
Event: 50.144 GC heap before
{Heap before GC invocations=14 (full 0):
 garbage-first heap   total 37888K, used 27442K [0x00000000c2800000, 0x0000000100000000)
  region size 1024K, 14 young (14336K), 2 survivors (2048K)
 Metaspace       used 34863K, capacity 35334K, committed 35632K, reserved 1081344K
  class space    used 4224K, capacity 4356K, committed 4480K, reserved 1048576K
}
Event: 50.147 GC heap after
{Heap after GC invocations=15 (full 0):
 garbage-first heap   total 37888K, used 16067K [0x00000000c2800000, 0x0000000100000000)
  region size 1024K, 2 young (2048K), 2 survivors (2048K)
 Metaspace       used 34863K, capacity 35334K, committed 35632K, reserved 1081344K
  class space    used 4224K, capacity 4356K, committed 4480K, reserved 1048576K
}
Event: 50.153 GC heap before
{Heap before GC invocations=15 (full 0):
 garbage-first heap   total 37888K, used 28355K [0x00000000c2800000, 0x0000000100000000)
  region size 1024K, 15 young (15360K), 2 survivors (2048K)
 Metaspace       used 34863K, capacity 35334K, committed 35632K, reserved 1081344K
  class space    used 4224K, capacity 4356K, committed 4480K, reserved 1048576K
}
Event: 50.156 GC heap after
{Heap after GC invocations=16 (full 0):
 garbage-first heap   total 37888K, used 16007K [0x00000000c2800000, 0x0000000100000000)
  region size 1024K, 1 young (1024K), 1 survivors (1024K)
 Metaspace       used 34863K, capacity 35334K, committed 35632K, reserved 1081344K
  class space    used 4224K, capacity 4356K, committed 4480K, reserved 1048576K
}
Event: 50.907 GC heap before
{Heap before GC invocations=16 (full 0):
 garbage-first heap   total 37888K, used 26247K [0x00000000c2800000, 0x0000000100000000)
  region size 1024K, 13 young (13312K), 1 survivors (1024K)
 Metaspace       used 35070K, capacity 35494K, committed 35632K, reserved 1081344K
  class space    used 4246K, capacity 4388K, committed 4480K, reserved 1048576K
}
Event: 50.909 GC heap after
{Heap after GC invocations=17 (full 0):
 garbage-first heap   total 37888K, used 16133K [0x00000000c2800000, 0x0000000100000000)
  region size 1024K, 1 young (1024K), 1 survivors (1024K)
 Metaspace       used 35070K, capacity 35494K, committed 35632K, reserved 1081344K
  class space    used 4246K, capacity 4388K, committed 4480K, reserved 1048576K
}
Event: 53.477 GC heap before
{Heap before GC invocations=18 (full 0):
 garbage-first heap   total 37888K, used 30469K [0x00000000c2800000, 0x0000000100000000)
  region size 1024K, 15 young (15360K), 1 survivors (1024K)
 Metaspace       used 37129K, capacity 37615K, committed 37680K, reserved 1083392K
  class space    used 4533K, capacity 4711K, committed 4736K, reserved 1048576K
}
Event: 53.485 GC heap after
{Heap after GC invocations=19 (full 0):
 garbage-first heap   total 37888K, used 16872K [0x00000000c2800000, 0x0000000100000000)
  region size 1024K, 1 young (1024K), 1 survivors (1024K)
 Metaspace       used 37129K, capacity 37615K, committed 37680K, reserved 1083392K
  class space    used 4533K, capacity 4711K, committed 4736K, reserved 1048576K
}
Event: 58.808 GC heap before
{Heap before GC invocations=19 (full 0):
 garbage-first heap   total 37888K, used 31208K [0x00000000c2800000, 0x0000000100000000)
  region size 1024K, 15 young (15360K), 1 survivors (1024K)
 Metaspace       used 40748K, capacity 41281K, committed 41392K, reserved 1085440K
  class space    used 5115K, capacity 5290K, committed 5376K, reserved 1048576K
}
Event: 58.817 GC heap after
{Heap after GC invocations=20 (full 0):
 garbage-first heap   total 37888K, used 17496K [0x00000000c2800000, 0x0000000100000000)
  region size 1024K, 2 young (2048K), 2 survivors (2048K)
 Metaspace       used 40748K, capacity 41281K, committed 41392K, reserved 1085440K
  class space    used 5115K, capacity 5290K, committed 5376K, reserved 1048576K
}
Event: 64.496 GC heap before
{Heap before GC invocations=20 (full 0):
 garbage-first heap   total 37888K, used 29784K [0x00000000c2800000, 0x0000000100000000)
  region size 1024K, 15 young (15360K), 2 survivors (2048K)
 Metaspace       used 45229K, capacity 45604K, committed 45744K, reserved 1089536K
  class space    used 5693K, capacity 5835K, committed 5888K, reserved 1048576K
}
Event: 64.504 GC heap after
{Heap after GC invocations=21 (full 0):
 garbage-first heap   total 37888K, used 18367K [0x00000000c2800000, 0x0000000100000000)
  region size 1024K, 2 young (2048K), 2 survivors (2048K)
 Metaspace       used 45229K, capacity 45604K, committed 45744K, reserved 1089536K
  class space    used 5693K, capacity 5835K, committed 5888K, reserved 1048576K
}
Event: 67.343 GC heap before
{Heap before GC invocations=21 (full 0):
 garbage-first heap   total 37888K, used 22463K [0x00000000c2800000, 0x0000000100000000)
  region size 1024K, 7 young (7168K), 2 survivors (2048K)
 Metaspace       used 46517K, capacity 47044K, committed 47152K, reserved 1091584K
  class space    used 5853K, capacity 5995K, committed 6016K, reserved 1048576K
}
Event: 67.350 GC heap after
{Heap after GC invocations=22 (full 0):
 garbage-first heap   total 37888K, used 18976K [0x00000000c2800000, 0x0000000100000000)
  region size 1024K, 2 young (2048K), 2 survivors (2048K)
 Metaspace       used 46517K, capacity 47044K, committed 47152K, reserved 1091584K
  class space    used 5853K, capacity 5995K, committed 6016K, reserved 1048576K
}

