# JRE version: OpenJDK Runtime Environment (15.0.2+7) (build 15.0.2+7-27)
# Java VM: OpenJDK 64-Bit Server VM (15.0.2+7-27, mixed mode, tiered, compressed oops, g1 gc, windows-amd64)
GC Precious Log:
 CPUs: 2 total, 2 available
 Memory: 3935M
 Large Page Support: Disabled
 NUMA Support: Disabled
 Compressed Oops: Enabled (32-bit)
 Heap Region Size: 1M
 Heap Min Capacity: 8M
 Heap Initial Capacity: 62M
 Heap Max Capacity: 984M
 Pre-touch: Disabled
 Parallel Workers: 2
 Concurrent Workers: 1
 Concurrent Refinement Workers: 2
 Periodic GC: Disabled
Heap:
 garbage-first heap   total 63488K, used 25027K [0x00000000c2800000, 0x0000000100000000)
  region size 1024K, 19 young (19456K), 2 survivors (2048K)
 Metaspace       used 18440K, capacity 18615K, committed 18944K, reserved 1067008K
  class space    used 1890K, capacity 1955K, committed 2048K, reserved 1048576K
GC Heap History (8 events):
Event: 2.713 GC heap before
{Heap before GC invocations=0 (full 0):
 garbage-first heap   total 63488K, used 7168K [0x00000000c2800000, 0x0000000100000000)
  region size 1024K, 6 young (6144K), 0 survivors (0K)
 Metaspace       used 4763K, capacity 4856K, committed 5120K, reserved 1056768K
  class space    used 394K, capacity 424K, committed 512K, reserved 1048576K
}
Event: 2.728 GC heap after
{Heap after GC invocations=1 (full 0):
 garbage-first heap   total 63488K, used 5376K [0x00000000c2800000, 0x0000000100000000)
  region size 1024K, 1 young (1024K), 1 survivors (1024K)
 Metaspace       used 4763K, capacity 4856K, committed 5120K, reserved 1056768K
  class space    used 394K, capacity 424K, committed 512K, reserved 1048576K
}
Event: 3.166 GC heap before
{Heap before GC invocations=1 (full 0):
 garbage-first heap   total 63488K, used 7424K [0x00000000c2800000, 0x0000000100000000)
  region size 1024K, 3 young (3072K), 1 survivors (1024K)
 Metaspace       used 6376K, capacity 6471K, committed 6784K, reserved 1056768K
  class space    used 512K, capacity 561K, committed 640K, reserved 1048576K
}
Event: 3.173 GC heap after
{Heap after GC invocations=2 (full 0):
 garbage-first heap   total 63488K, used 6713K [0x00000000c2800000, 0x0000000100000000)
  region size 1024K, 1 young (1024K), 1 survivors (1024K)
 Metaspace       used 6376K, capacity 6471K, committed 6784K, reserved 1056768K
  class space    used 512K, capacity 561K, committed 640K, reserved 1048576K
}
Event: 4.446 GC heap before
{Heap before GC invocations=2 (full 0):
 garbage-first heap   total 63488K, used 12857K [0x00000000c2800000, 0x0000000100000000)
  region size 1024K, 7 young (7168K), 1 survivors (1024K)
 Metaspace       used 10517K, capacity 10632K, committed 10752K, reserved 1058816K
  class space    used 933K, capacity 986K, committed 1024K, reserved 1048576K
}
Event: 4.451 GC heap after
{Heap after GC invocations=3 (full 0):
 garbage-first heap   total 63488K, used 7461K [0x00000000c2800000, 0x0000000100000000)
  region size 1024K, 1 young (1024K), 1 survivors (1024K)
 Metaspace       used 10517K, capacity 10632K, committed 10752K, reserved 1058816K
  class space    used 933K, capacity 986K, committed 1024K, reserved 1048576K
}
Event: 6.531 GC heap before
{Heap before GC invocations=3 (full 0):
 garbage-first heap   total 63488K, used 20773K [0x00000000c2800000, 0x0000000100000000)
  region size 1024K, 14 young (14336K), 1 survivors (1024K)
 Metaspace       used 14185K, capacity 14323K, committed 14592K, reserved 1062912K
  class space    used 1410K, capacity 1465K, committed 1536K, reserved 1048576K
}
Event: 6.542 GC heap after
{Heap after GC invocations=4 (full 0):
 garbage-first heap   total 63488K, used 8643K [0x00000000c2800000, 0x0000000100000000)
  region size 1024K, 2 young (2048K), 2 survivors (2048K)
 Metaspace       used 14185K, capacity 14323K, committed 14592K, reserved 1062912K
  class space    used 1410K, capacity 1465K, committed 1536K, reserved 1048576K
}

